<?xml version="1.0" encoding="utf-8"?>
<coverage line-rate="0.8534" branch-rate="0.8115000000000001" version="1.9" timestamp="1733518606" lines-covered="885" lines-valid="1037" branches-covered="112" branches-valid="138">
  <sources>
    <source>/Users/valdemar/</source>
  </sources>
  <packages>
    <package name="JavaHateBE" line-rate="0.8534" branch-rate="0.8115000000000001" complexity="286">
      <classes>
        <class name="FileLogger`1" filename="Desktop/vu/Math-Master-backend/JavaHateBE/FileLogger/FileLogger.cs" line-rate="0" branch-rate="1" complexity="4">
          <methods>
            <method name="BeginScope" signature="(TState)" line-rate="0" branch-rate="1" complexity="1">
              <lines>
                <line number="14" hits="0" branch="False" />
              </lines>
            </method>
            <method name="IsEnabled" signature="(Microsoft.Extensions.Logging.LogLevel)" line-rate="0" branch-rate="1" complexity="1">
              <lines>
                <line number="16" hits="0" branch="False" />
              </lines>
            </method>
            <method name="Log" signature="(Microsoft.Extensions.Logging.LogLevel,Microsoft.Extensions.Logging.EventId,TState,System.Exception,System.Func`3&lt;TState,System.Exception,System.String&gt;)" line-rate="0" branch-rate="1" complexity="1">
              <lines>
                <line number="19" hits="0" branch="False" />
                <line number="20" hits="0" branch="False" />
                <line number="21" hits="0" branch="False" />
                <line number="22" hits="0" branch="False" />
              </lines>
            </method>
            <method name=".ctor" signature="(System.String)" line-rate="0" branch-rate="1" complexity="1">
              <lines>
                <line number="9" hits="0" branch="False" />
                <line number="10" hits="0" branch="False" />
                <line number="11" hits="0" branch="False" />
                <line number="12" hits="0" branch="False" />
              </lines>
            </method>
          </methods>
          <lines>
            <line number="14" hits="0" branch="False" />
            <line number="16" hits="0" branch="False" />
            <line number="19" hits="0" branch="False" />
            <line number="20" hits="0" branch="False" />
            <line number="21" hits="0" branch="False" />
            <line number="22" hits="0" branch="False" />
            <line number="9" hits="0" branch="False" />
            <line number="10" hits="0" branch="False" />
            <line number="11" hits="0" branch="False" />
            <line number="12" hits="0" branch="False" />
          </lines>
        </class>
        <class name="FileLoggerProvider" filename="Desktop/vu/Math-Master-backend/JavaHateBE/FileLogger/FileLoggerProvider.cs" line-rate="0" branch-rate="0" complexity="4">
          <methods>
            <method name="CreateLogger" signature="(System.String)" line-rate="0" branch-rate="0" complexity="2">
              <lines>
                <line number="12" hits="0" branch="False" />
                <line number="13" hits="0" branch="True" condition-coverage="0% (0/2)">
                  <conditions>
                    <condition number="26" type="jump" coverage="0%" />
                  </conditions>
                </line>
                <line number="14" hits="0" branch="False" />
                <line number="15" hits="0" branch="False" />
              </lines>
            </method>
            <method name="Dispose" signature="()" line-rate="0" branch-rate="1" complexity="1">
              <lines>
                <line number="17" hits="0" branch="False" />
              </lines>
            </method>
            <method name=".ctor" signature="(System.String)" line-rate="0" branch-rate="1" complexity="1">
              <lines>
                <line number="6" hits="0" branch="False" />
                <line number="7" hits="0" branch="False" />
                <line number="8" hits="0" branch="False" />
                <line number="9" hits="0" branch="False" />
              </lines>
            </method>
          </methods>
          <lines>
            <line number="12" hits="0" branch="False" />
            <line number="13" hits="0" branch="True" condition-coverage="0% (0/2)">
              <conditions>
                <condition number="26" type="jump" coverage="0%" />
              </conditions>
            </line>
            <line number="14" hits="0" branch="False" />
            <line number="15" hits="0" branch="False" />
            <line number="17" hits="0" branch="False" />
            <line number="6" hits="0" branch="False" />
            <line number="7" hits="0" branch="False" />
            <line number="8" hits="0" branch="False" />
            <line number="9" hits="0" branch="False" />
          </lines>
        </class>
        <class name="AutoGeneratedProgram" filename=".nuget/packages/microsoft.net.test.sdk/17.11.1/build/netcoreapp3.1/Microsoft.NET.Test.Sdk.Program.cs" line-rate="0" branch-rate="1" complexity="1">
          <methods>
            <method name="Main" signature="(System.String[])" line-rate="0" branch-rate="1" complexity="1">
              <lines>
                <line number="4" hits="0" branch="False" />
              </lines>
            </method>
          </methods>
          <lines>
            <line number="4" hits="0" branch="False" />
          </lines>
        </class>
        <class name="JavaHateBE.Program" filename="Desktop/vu/Math-Master-backend/JavaHateBE/Program.cs" line-rate="0.6727" branch-rate="0.5" complexity="8">
          <methods>
            <method name="Main" signature="(System.String[])" line-rate="0.6727" branch-rate="0.5" complexity="8">
              <lines>
                <line number="14" hits="61" branch="False" />
                <line number="15" hits="61" branch="False" />
                <line number="16" hits="61" branch="False" />
                <line number="18" hits="61" branch="True" condition-coverage="50% (1/2)">
                  <conditions>
                    <condition number="44" type="jump" coverage="50%" />
                  </conditions>
                </line>
                <line number="19" hits="61" branch="False" />
                <line number="20" hits="61" branch="False" />
                <line number="21" hits="61" branch="False" />
                <line number="22" hits="61" branch="False" />
                <line number="24" hits="0" branch="False" />
                <line number="25" hits="0" branch="False" />
                <line number="26" hits="0" branch="False" />
                <line number="28" hits="0" branch="False" />
                <line number="29" hits="0" branch="False" />
                <line number="30" hits="0" branch="False" />
                <line number="32" hits="61" branch="False" />
                <line number="33" hits="61" branch="False" />
                <line number="34" hits="61" branch="False" />
                <line number="35" hits="61" branch="False" />
                <line number="36" hits="122" branch="False" />
                <line number="37" hits="61" branch="False" />
                <line number="38" hits="61" branch="False" />
                <line number="40" hits="61" branch="False" />
                <line number="43" hits="61" branch="True" condition-coverage="50% (1/2)">
                  <conditions>
                    <condition number="301" type="jump" coverage="50%" />
                  </conditions>
                </line>
                <line number="44" hits="61" branch="False" />
                <line number="45" hits="61" branch="False" />
                <line number="46" hits="286" branch="False" />
                <line number="47" hits="61" branch="False" />
                <line number="48" hits="286" branch="False" />
                <line number="49" hits="61" branch="False" />
                <line number="50" hits="286" branch="False" />
                <line number="51" hits="61" branch="False" />
                <line number="53" hits="0" branch="False" />
                <line number="54" hits="0" branch="False" />
                <line number="55" hits="0" branch="False" />
                <line number="56" hits="0" branch="False" />
                <line number="58" hits="61" branch="False" />
                <line number="60" hits="61" branch="False" />
                <line number="61" hits="61" branch="False" />
                <line number="62" hits="61" branch="False" />
                <line number="63" hits="61" branch="True" condition-coverage="50% (1/2)">
                  <conditions>
                    <condition number="549" type="jump" coverage="50%" />
                  </conditions>
                </line>
                <line number="64" hits="0" branch="False" />
                <line number="65" hits="0" branch="False" />
                <line number="66" hits="0" branch="False" />
                <line number="67" hits="0" branch="False" />
                <line number="68" hits="61" branch="False" />
                <line number="70" hits="61" branch="True" condition-coverage="50% (1/2)">
                  <conditions>
                    <condition number="605" type="jump" coverage="50%" />
                  </conditions>
                </line>
                <line number="71" hits="0" branch="False" />
                <line number="72" hits="0" branch="False" />
                <line number="73" hits="0" branch="False" />
                <line number="74" hits="0" branch="False" />
                <line number="76" hits="61" branch="False" />
                <line number="77" hits="61" branch="False" />
                <line number="78" hits="61" branch="False" />
                <line number="79" hits="61" branch="False" />
                <line number="80" hits="61" branch="False" />
              </lines>
            </method>
          </methods>
          <lines>
            <line number="14" hits="61" branch="False" />
            <line number="15" hits="61" branch="False" />
            <line number="16" hits="61" branch="False" />
            <line number="18" hits="61" branch="True" condition-coverage="50% (1/2)">
              <conditions>
                <condition number="44" type="jump" coverage="50%" />
              </conditions>
            </line>
            <line number="19" hits="61" branch="False" />
            <line number="20" hits="61" branch="False" />
            <line number="21" hits="61" branch="False" />
            <line number="22" hits="61" branch="False" />
            <line number="24" hits="0" branch="False" />
            <line number="25" hits="0" branch="False" />
            <line number="26" hits="0" branch="False" />
            <line number="28" hits="0" branch="False" />
            <line number="29" hits="0" branch="False" />
            <line number="30" hits="0" branch="False" />
            <line number="32" hits="61" branch="False" />
            <line number="33" hits="61" branch="False" />
            <line number="34" hits="61" branch="False" />
            <line number="35" hits="61" branch="False" />
            <line number="36" hits="122" branch="False" />
            <line number="37" hits="61" branch="False" />
            <line number="38" hits="61" branch="False" />
            <line number="40" hits="61" branch="False" />
            <line number="43" hits="61" branch="True" condition-coverage="50% (1/2)">
              <conditions>
                <condition number="301" type="jump" coverage="50%" />
              </conditions>
            </line>
            <line number="44" hits="61" branch="False" />
            <line number="45" hits="61" branch="False" />
            <line number="46" hits="286" branch="False" />
            <line number="47" hits="61" branch="False" />
            <line number="48" hits="286" branch="False" />
            <line number="49" hits="61" branch="False" />
            <line number="50" hits="286" branch="False" />
            <line number="51" hits="61" branch="False" />
            <line number="53" hits="0" branch="False" />
            <line number="54" hits="0" branch="False" />
            <line number="55" hits="0" branch="False" />
            <line number="56" hits="0" branch="False" />
            <line number="58" hits="61" branch="False" />
            <line number="60" hits="61" branch="False" />
            <line number="61" hits="61" branch="False" />
            <line number="62" hits="61" branch="False" />
            <line number="63" hits="61" branch="True" condition-coverage="50% (1/2)">
              <conditions>
                <condition number="549" type="jump" coverage="50%" />
              </conditions>
            </line>
            <line number="64" hits="0" branch="False" />
            <line number="65" hits="0" branch="False" />
            <line number="66" hits="0" branch="False" />
            <line number="67" hits="0" branch="False" />
            <line number="68" hits="61" branch="False" />
            <line number="70" hits="61" branch="True" condition-coverage="50% (1/2)">
              <conditions>
                <condition number="605" type="jump" coverage="50%" />
              </conditions>
            </line>
            <line number="71" hits="0" branch="False" />
            <line number="72" hits="0" branch="False" />
            <line number="73" hits="0" branch="False" />
            <line number="74" hits="0" branch="False" />
            <line number="76" hits="61" branch="False" />
            <line number="77" hits="61" branch="False" />
            <line number="78" hits="61" branch="False" />
            <line number="79" hits="61" branch="False" />
            <line number="80" hits="61" branch="False" />
          </lines>
        </class>
        <class name="JavaHateBE.Util.DependencyInjections" filename="Desktop/vu/Math-Master-backend/JavaHateBE/util/DependencyInjections.cs" line-rate="1" branch-rate="1" complexity="1">
          <methods>
            <method name="AddCustomServices" signature="(Microsoft.Extensions.DependencyInjection.IServiceCollection)" line-rate="1" branch-rate="1" complexity="1">
              <lines>
                <line number="15" hits="61" branch="False" />
                <line number="16" hits="61" branch="False" />
                <line number="17" hits="61" branch="False" />
                <line number="18" hits="61" branch="False" />
                <line number="19" hits="61" branch="False" />
                <line number="20" hits="61" branch="False" />
                <line number="21" hits="61" branch="False" />
                <line number="22" hits="61" branch="False" />
                <line number="23" hits="61" branch="False" />
                <line number="25" hits="61" branch="False" />
                <line number="26" hits="61" branch="False" />
              </lines>
            </method>
          </methods>
          <lines>
            <line number="15" hits="61" branch="False" />
            <line number="16" hits="61" branch="False" />
            <line number="17" hits="61" branch="False" />
            <line number="18" hits="61" branch="False" />
            <line number="19" hits="61" branch="False" />
            <line number="20" hits="61" branch="False" />
            <line number="21" hits="61" branch="False" />
            <line number="22" hits="61" branch="False" />
            <line number="23" hits="61" branch="False" />
            <line number="25" hits="61" branch="False" />
            <line number="26" hits="61" branch="False" />
          </lines>
        </class>
        <class name="JavaHateBE.Util.PasswordHasher" filename="Desktop/vu/Math-Master-backend/JavaHateBE/util/PasswordHasher.cs" line-rate="0.9309999999999999" branch-rate="0.5" complexity="3">
          <methods>
            <method name="HashPassword" signature="(System.String)" line-rate="1" branch-rate="1" complexity="1">
              <lines>
                <line number="18" hits="355" branch="False" />
                <line number="20" hits="355" branch="False" />
                <line number="21" hits="355" branch="False" />
                <line number="22" hits="355" branch="False" />
                <line number="23" hits="355" branch="False" />
                <line number="24" hits="355" branch="False" />
                <line number="26" hits="355" branch="False" />
                <line number="27" hits="355" branch="False" />
                <line number="28" hits="355" branch="False" />
                <line number="29" hits="355" branch="False" />
                <line number="30" hits="355" branch="False" />
                <line number="31" hits="355" branch="False" />
                <line number="33" hits="355" branch="False" />
                <line number="34" hits="355" branch="False" />
              </lines>
            </method>
            <method name="VerifyPassword" signature="(System.String,System.String)" line-rate="0.8665999999999999" branch-rate="0.5" complexity="2">
              <lines>
                <line number="43" hits="14" branch="False" />
                <line number="45" hits="14" branch="False" />
                <line number="46" hits="14" branch="True" condition-coverage="50% (1/2)">
                  <conditions>
                    <condition number="24" type="jump" coverage="50%" />
                  </conditions>
                </line>
                <line number="47" hits="0" branch="False" />
                <line number="48" hits="0" branch="False" />
                <line number="51" hits="14" branch="False" />
                <line number="52" hits="14" branch="False" />
                <line number="54" hits="14" branch="False" />
                <line number="55" hits="14" branch="False" />
                <line number="56" hits="14" branch="False" />
                <line number="57" hits="14" branch="False" />
                <line number="58" hits="14" branch="False" />
                <line number="59" hits="14" branch="False" />
                <line number="61" hits="14" branch="False" />
                <line number="62" hits="14" branch="False" />
              </lines>
            </method>
          </methods>
          <lines>
            <line number="18" hits="355" branch="False" />
            <line number="20" hits="355" branch="False" />
            <line number="21" hits="355" branch="False" />
            <line number="22" hits="355" branch="False" />
            <line number="23" hits="355" branch="False" />
            <line number="24" hits="355" branch="False" />
            <line number="26" hits="355" branch="False" />
            <line number="27" hits="355" branch="False" />
            <line number="28" hits="355" branch="False" />
            <line number="29" hits="355" branch="False" />
            <line number="30" hits="355" branch="False" />
            <line number="31" hits="355" branch="False" />
            <line number="33" hits="355" branch="False" />
            <line number="34" hits="355" branch="False" />
            <line number="43" hits="14" branch="False" />
            <line number="45" hits="14" branch="False" />
            <line number="46" hits="14" branch="True" condition-coverage="50% (1/2)">
              <conditions>
                <condition number="24" type="jump" coverage="50%" />
              </conditions>
            </line>
            <line number="47" hits="0" branch="False" />
            <line number="48" hits="0" branch="False" />
            <line number="51" hits="14" branch="False" />
            <line number="52" hits="14" branch="False" />
            <line number="54" hits="14" branch="False" />
            <line number="55" hits="14" branch="False" />
            <line number="56" hits="14" branch="False" />
            <line number="57" hits="14" branch="False" />
            <line number="58" hits="14" branch="False" />
            <line number="59" hits="14" branch="False" />
            <line number="61" hits="14" branch="False" />
            <line number="62" hits="14" branch="False" />
          </lines>
        </class>
        <class name="JavaHateBE.Util.Validator`1" filename="Desktop/vu/Math-Master-backend/JavaHateBE/util/Validator.cs" line-rate="0.7777" branch-rate="0.6" complexity="10">
          <methods>
            <method name="Validate" signature="(T,U,System.Func`1&lt;System.Exception&gt;)" line-rate="0.7777" branch-rate="0.6" complexity="10">
              <lines>
                <line number="13" hits="51" branch="False" />
                <line number="14" hits="51" branch="True" condition-coverage="100% (2/2)">
                  <conditions>
                    <condition number="12" type="jump" coverage="100%" />
                  </conditions>
                </line>
                <line number="15" hits="11" branch="False" />
                <line number="16" hits="11" branch="True" condition-coverage="50% (2/4)">
                  <conditions>
                    <condition number="16" type="jump" coverage="50%" />
                    <condition number="28" type="jump" coverage="50%" />
                  </conditions>
                </line>
                <line number="17" hits="11" branch="False" />
                <line number="19" hits="40" branch="True" condition-coverage="50% (2/4)">
                  <conditions>
                    <condition number="63" type="jump" coverage="50%" />
                    <condition number="106" type="jump" coverage="50%" />
                  </conditions>
                </line>
                <line number="20" hits="0" branch="False" />
                <line number="21" hits="0" branch="False" />
                <line number="23" hits="40" branch="False" />
              </lines>
            </method>
          </methods>
          <lines>
            <line number="13" hits="51" branch="False" />
            <line number="14" hits="51" branch="True" condition-coverage="100% (2/2)">
              <conditions>
                <condition number="12" type="jump" coverage="100%" />
              </conditions>
            </line>
            <line number="15" hits="11" branch="False" />
            <line number="16" hits="11" branch="True" condition-coverage="50% (2/4)">
              <conditions>
                <condition number="16" type="jump" coverage="50%" />
                <condition number="28" type="jump" coverage="50%" />
              </conditions>
            </line>
            <line number="17" hits="11" branch="False" />
            <line number="19" hits="40" branch="True" condition-coverage="50% (2/4)">
              <conditions>
                <condition number="63" type="jump" coverage="50%" />
                <condition number="106" type="jump" coverage="50%" />
              </conditions>
            </line>
            <line number="20" hits="0" branch="False" />
            <line number="21" hits="0" branch="False" />
            <line number="23" hits="40" branch="False" />
          </lines>
        </class>
        <class name="JavaHateBE.Service.GameService" filename="Desktop/vu/Math-Master-backend/JavaHateBE/service/GameService.cs" line-rate="1" branch-rate="1" complexity="1">
          <methods>
            <method name=".ctor" signature="(JavaHateBE.Repository.GameRepository,JavaHateBE.Repository.UserRepository)" line-rate="1" branch-rate="1" complexity="1">
              <lines>
                <line number="20" hits="52" branch="False" />
                <line number="27" hits="52" branch="False" />
                <line number="28" hits="52" branch="False" />
                <line number="29" hits="52" branch="False" />
                <line number="30" hits="52" branch="False" />
                <line number="31" hits="52" branch="False" />
              </lines>
            </method>
          </methods>
          <lines>
            <line number="20" hits="52" branch="False" />
            <line number="27" hits="52" branch="False" />
            <line number="28" hits="52" branch="False" />
            <line number="29" hits="52" branch="False" />
            <line number="30" hits="52" branch="False" />
            <line number="31" hits="52" branch="False" />
          </lines>
        </class>
        <class name="JavaHateBE.Service.GameService/&lt;&gt;c" filename="Desktop/vu/Math-Master-backend/JavaHateBE/service/GameService.cs" line-rate="1" branch-rate="1" complexity="6">
          <methods>
            <method name="&lt;RemoveGame&gt;b__6_0" signature="()" line-rate="1" branch-rate="1" complexity="1">
              <lines>
                <line number="79" hits="6" branch="False" />
              </lines>
            </method>
            <method name="&lt;GetGamesByUser&gt;b__8_0" signature="()" line-rate="1" branch-rate="1" complexity="1">
              <lines>
                <line number="104" hits="6" branch="False" />
              </lines>
            </method>
            <method name="&lt;GetGamesByUserByGameMode&gt;b__9_0" signature="()" line-rate="1" branch-rate="1" complexity="1">
              <lines>
                <line number="120" hits="9" branch="False" />
              </lines>
            </method>
            <method name="&lt;UpdateGame&gt;b__11_0" signature="()" line-rate="1" branch-rate="1" complexity="1">
              <lines>
                <line number="150" hits="7" branch="False" />
              </lines>
            </method>
            <method name="&lt;UpdateGame&gt;b__11_1" signature="()" line-rate="1" branch-rate="1" complexity="1">
              <lines>
                <line number="153" hits="4" branch="False" />
              </lines>
            </method>
            <method name="&lt;NewGame&gt;b__12_0" signature="()" line-rate="1" branch-rate="1" complexity="1">
              <lines>
                <line number="172" hits="15" branch="False" />
              </lines>
            </method>
          </methods>
          <lines>
            <line number="79" hits="6" branch="False" />
            <line number="104" hits="6" branch="False" />
            <line number="120" hits="9" branch="False" />
            <line number="150" hits="7" branch="False" />
            <line number="153" hits="4" branch="False" />
            <line number="172" hits="15" branch="False" />
          </lines>
        </class>
        <class name="JavaHateBE.Service.GameService/&lt;AddGame&gt;d__5" filename="Desktop/vu/Math-Master-backend/JavaHateBE/service/GameService.cs" line-rate="1" branch-rate="1" complexity="2">
          <methods>
            <method name="MoveNext" signature="()" line-rate="1" branch-rate="1" complexity="2">
              <lines>
                <line number="57" hits="10" branch="False" />
                <line number="58" hits="10" branch="False" />
                <line number="59" hits="10" branch="False" />
                <line number="61" hits="12" branch="True" condition-coverage="100% (2/2)">
                  <conditions>
                    <condition number="204" type="jump" coverage="100%" />
                  </conditions>
                </line>
                <line number="62" hits="2" branch="False" />
                <line number="64" hits="8" branch="False" />
                <line number="65" hits="8" branch="False" />
                <line number="66" hits="8" branch="False" />
                <line number="67" hits="8" branch="False" />
              </lines>
            </method>
          </methods>
          <lines>
            <line number="57" hits="10" branch="False" />
            <line number="58" hits="10" branch="False" />
            <line number="59" hits="10" branch="False" />
            <line number="61" hits="12" branch="True" condition-coverage="100% (2/2)">
              <conditions>
                <condition number="204" type="jump" coverage="100%" />
              </conditions>
            </line>
            <line number="62" hits="2" branch="False" />
            <line number="64" hits="8" branch="False" />
            <line number="65" hits="8" branch="False" />
            <line number="66" hits="8" branch="False" />
            <line number="67" hits="8" branch="False" />
          </lines>
        </class>
        <class name="JavaHateBE.Service.GameService/&lt;GetAllGames&gt;d__7" filename="Desktop/vu/Math-Master-backend/JavaHateBE/service/GameService.cs" line-rate="1" branch-rate="1" complexity="1">
          <methods>
            <method name="MoveNext" signature="()" line-rate="1" branch-rate="1" complexity="1">
              <lines>
                <line number="90" hits="4" branch="False" />
                <line number="91" hits="4" branch="False" />
                <line number="92" hits="4" branch="False" />
                <line number="93" hits="4" branch="False" />
              </lines>
            </method>
          </methods>
          <lines>
            <line number="90" hits="4" branch="False" />
            <line number="91" hits="4" branch="False" />
            <line number="92" hits="4" branch="False" />
            <line number="93" hits="4" branch="False" />
          </lines>
        </class>
        <class name="JavaHateBE.Service.GameService/&lt;GetGameById&gt;d__4" filename="Desktop/vu/Math-Master-backend/JavaHateBE/service/GameService.cs" line-rate="0.75" branch-rate="0.75" complexity="4">
          <methods>
            <method name="MoveNext" signature="()" line-rate="0.75" branch-rate="0.75" complexity="4">
              <lines>
                <line number="40" hits="5" branch="False" />
                <line number="41" hits="5" branch="True" condition-coverage="50% (1/2)">
                  <conditions>
                    <condition number="56" type="jump" coverage="50%" />
                  </conditions>
                </line>
                <line number="42" hits="0" branch="False" />
                <line number="43" hits="0" branch="False" />
                <line number="46" hits="5" branch="True" condition-coverage="100% (2/2)">
                  <conditions>
                    <condition number="307" type="jump" coverage="100%" />
                  </conditions>
                </line>
                <line number="47" hits="2" branch="False" />
                <line number="48" hits="2" branch="False" />
                <line number="49" hits="2" branch="False" />
              </lines>
            </method>
          </methods>
          <lines>
            <line number="40" hits="5" branch="False" />
            <line number="41" hits="5" branch="True" condition-coverage="50% (1/2)">
              <conditions>
                <condition number="56" type="jump" coverage="50%" />
              </conditions>
            </line>
            <line number="42" hits="0" branch="False" />
            <line number="43" hits="0" branch="False" />
            <line number="46" hits="5" branch="True" condition-coverage="100% (2/2)">
              <conditions>
                <condition number="307" type="jump" coverage="100%" />
              </conditions>
            </line>
            <line number="47" hits="2" branch="False" />
            <line number="48" hits="2" branch="False" />
            <line number="49" hits="2" branch="False" />
          </lines>
        </class>
        <class name="JavaHateBE.Service.GameService/&lt;GetGamesByGameMode&gt;d__10" filename="Desktop/vu/Math-Master-backend/JavaHateBE/service/GameService.cs" line-rate="1" branch-rate="1" complexity="1">
          <methods>
            <method name="MoveNext" signature="()" line-rate="1" branch-rate="1" complexity="1">
              <lines>
                <line number="132" hits="5" branch="False" />
                <line number="133" hits="5" branch="False" />
                <line number="134" hits="3" branch="False" />
                <line number="135" hits="3" branch="False" />
              </lines>
            </method>
          </methods>
          <lines>
            <line number="132" hits="5" branch="False" />
            <line number="133" hits="5" branch="False" />
            <line number="134" hits="3" branch="False" />
            <line number="135" hits="3" branch="False" />
          </lines>
        </class>
        <class name="JavaHateBE.Service.GameService/&lt;GetGamesByUser&gt;d__8" filename="Desktop/vu/Math-Master-backend/JavaHateBE/service/GameService.cs" line-rate="1" branch-rate="1" complexity="1">
          <methods>
            <method name="MoveNext" signature="()" line-rate="1" branch-rate="1" complexity="1">
              <lines>
                <line number="101" hits="4" branch="False" />
                <line number="102" hits="4" branch="False" />
                <line number="103" hits="4" branch="False" />
                <line number="106" hits="2" branch="False" />
                <line number="107" hits="2" branch="False" />
              </lines>
            </method>
          </methods>
          <lines>
            <line number="101" hits="4" branch="False" />
            <line number="102" hits="4" branch="False" />
            <line number="103" hits="4" branch="False" />
            <line number="106" hits="2" branch="False" />
            <line number="107" hits="2" branch="False" />
          </lines>
        </class>
        <class name="JavaHateBE.Service.GameService/&lt;GetGamesByUserByGameMode&gt;d__9" filename="Desktop/vu/Math-Master-backend/JavaHateBE/service/GameService.cs" line-rate="1" branch-rate="1" complexity="1">
          <methods>
            <method name="MoveNext" signature="()" line-rate="1" branch-rate="1" complexity="1">
              <lines>
                <line number="117" hits="7" branch="False" />
                <line number="118" hits="7" branch="False" />
                <line number="119" hits="7" branch="False" />
                <line number="121" hits="5" branch="False" />
                <line number="123" hits="3" branch="False" />
                <line number="124" hits="3" branch="False" />
              </lines>
            </method>
          </methods>
          <lines>
            <line number="117" hits="7" branch="False" />
            <line number="118" hits="7" branch="False" />
            <line number="119" hits="7" branch="False" />
            <line number="121" hits="5" branch="False" />
            <line number="123" hits="3" branch="False" />
            <line number="124" hits="3" branch="False" />
          </lines>
        </class>
        <class name="JavaHateBE.Service.GameService/&lt;NewGame&gt;d__12" filename="Desktop/vu/Math-Master-backend/JavaHateBE/service/GameService.cs" line-rate="1" branch-rate="1" complexity="1">
          <methods>
            <method name="MoveNext" signature="()" line-rate="1" branch-rate="1" complexity="1">
              <lines>
                <line number="168" hits="13" branch="False" />
                <line number="169" hits="13" branch="False" />
                <line number="171" hits="13" branch="False" />
                <line number="174" hits="11" branch="False" />
                <line number="175" hits="9" branch="False" />
                <line number="176" hits="9" branch="False" />
                <line number="177" hits="9" branch="False" />
                <line number="178" hits="9" branch="False" />
                <line number="179" hits="9" branch="False" />
                <line number="180" hits="9" branch="False" />
              </lines>
            </method>
          </methods>
          <lines>
            <line number="168" hits="13" branch="False" />
            <line number="169" hits="13" branch="False" />
            <line number="171" hits="13" branch="False" />
            <line number="174" hits="11" branch="False" />
            <line number="175" hits="9" branch="False" />
            <line number="176" hits="9" branch="False" />
            <line number="177" hits="9" branch="False" />
            <line number="178" hits="9" branch="False" />
            <line number="179" hits="9" branch="False" />
            <line number="180" hits="9" branch="False" />
          </lines>
        </class>
        <class name="JavaHateBE.Service.GameService/&lt;RemoveGame&gt;d__6" filename="Desktop/vu/Math-Master-backend/JavaHateBE/service/GameService.cs" line-rate="1" branch-rate="1" complexity="1">
          <methods>
            <method name="MoveNext" signature="()" line-rate="1" branch-rate="1" complexity="1">
              <lines>
                <line number="76" hits="4" branch="False" />
                <line number="77" hits="4" branch="False" />
                <line number="78" hits="4" branch="False" />
                <line number="80" hits="2" branch="False" />
                <line number="82" hits="2" branch="False" />
                <line number="83" hits="2" branch="False" />
              </lines>
            </method>
          </methods>
          <lines>
            <line number="76" hits="4" branch="False" />
            <line number="77" hits="4" branch="False" />
            <line number="78" hits="4" branch="False" />
            <line number="80" hits="2" branch="False" />
            <line number="82" hits="2" branch="False" />
            <line number="83" hits="2" branch="False" />
          </lines>
        </class>
        <class name="JavaHateBE.Service.GameService/&lt;UpdateGame&gt;d__11" filename="Desktop/vu/Math-Master-backend/JavaHateBE/service/GameService.cs" line-rate="1" branch-rate="1" complexity="1">
          <methods>
            <method name="MoveNext" signature="()" line-rate="1" branch-rate="1" complexity="1">
              <lines>
                <line number="144" hits="5" branch="False" />
                <line number="145" hits="5" branch="False" />
                <line number="146" hits="5" branch="False" />
                <line number="148" hits="5" branch="False" />
                <line number="149" hits="5" branch="False" />
                <line number="152" hits="3" branch="False" />
                <line number="155" hits="2" branch="False" />
                <line number="156" hits="2" branch="False" />
                <line number="157" hits="2" branch="False" />
              </lines>
            </method>
          </methods>
          <lines>
            <line number="144" hits="5" branch="False" />
            <line number="145" hits="5" branch="False" />
            <line number="146" hits="5" branch="False" />
            <line number="148" hits="5" branch="False" />
            <line number="149" hits="5" branch="False" />
            <line number="152" hits="3" branch="False" />
            <line number="155" hits="2" branch="False" />
            <line number="156" hits="2" branch="False" />
            <line number="157" hits="2" branch="False" />
          </lines>
        </class>
        <class name="JavaHateBE.Service.QuestionService" filename="Desktop/vu/Math-Master-backend/JavaHateBE/service/QuestionService.cs" line-rate="1" branch-rate="1" complexity="1">
          <methods>
            <method name=".ctor" signature="(JavaHateBE.Repository.QuestionRepository)" line-rate="1" branch-rate="1" complexity="1">
              <lines>
                <line number="22" hits="44" branch="False" />
                <line number="23" hits="44" branch="False" />
                <line number="24" hits="44" branch="False" />
                <line number="25" hits="44" branch="False" />
              </lines>
            </method>
          </methods>
          <lines>
            <line number="22" hits="44" branch="False" />
            <line number="23" hits="44" branch="False" />
            <line number="24" hits="44" branch="False" />
            <line number="25" hits="44" branch="False" />
          </lines>
        </class>
        <class name="JavaHateBE.Service.QuestionService/&lt;AddQuestion&gt;d__4" filename="Desktop/vu/Math-Master-backend/JavaHateBE/service/QuestionService.cs" line-rate="1" branch-rate="1" complexity="2">
          <methods>
            <method name="MoveNext" signature="()" line-rate="1" branch-rate="1" complexity="2">
              <lines>
                <line number="75" hits="59" branch="False" />
                <line number="76" hits="59" branch="True" condition-coverage="100% (2/2)">
                  <conditions>
                    <condition number="174" type="jump" coverage="100%" />
                  </conditions>
                </line>
                <line number="77" hits="2" branch="False" />
                <line number="78" hits="2" branch="False" />
                <line number="80" hits="57" branch="False" />
                <line number="81" hits="57" branch="False" />
                <line number="82" hits="57" branch="False" />
              </lines>
            </method>
          </methods>
          <lines>
            <line number="75" hits="59" branch="False" />
            <line number="76" hits="59" branch="True" condition-coverage="100% (2/2)">
              <conditions>
                <condition number="174" type="jump" coverage="100%" />
              </conditions>
            </line>
            <line number="77" hits="2" branch="False" />
            <line number="78" hits="2" branch="False" />
            <line number="80" hits="57" branch="False" />
            <line number="81" hits="57" branch="False" />
            <line number="82" hits="57" branch="False" />
          </lines>
        </class>
        <class name="JavaHateBE.Service.QuestionService/&lt;DeleteQuestion&gt;d__6" filename="Desktop/vu/Math-Master-backend/JavaHateBE/service/QuestionService.cs" line-rate="1" branch-rate="0.75" complexity="4">
          <methods>
            <method name="MoveNext" signature="()" line-rate="1" branch-rate="0.75" complexity="4">
              <lines>
                <line number="115" hits="5" branch="False" />
                <line number="116" hits="5" branch="False" />
                <line number="117" hits="5" branch="True" condition-coverage="100% (2/2)">
                  <conditions>
                    <condition number="189" type="jump" coverage="100%" />
                  </conditions>
                </line>
                <line number="118" hits="3" branch="False" />
                <line number="119" hits="3" branch="False" />
                <line number="121" hits="2" branch="True" condition-coverage="50% (1/2)">
                  <conditions>
                    <condition number="335" type="jump" coverage="50%" />
                  </conditions>
                </line>
                <line number="122" hits="2" branch="False" />
              </lines>
            </method>
          </methods>
          <lines>
            <line number="115" hits="5" branch="False" />
            <line number="116" hits="5" branch="False" />
            <line number="117" hits="5" branch="True" condition-coverage="100% (2/2)">
              <conditions>
                <condition number="189" type="jump" coverage="100%" />
              </conditions>
            </line>
            <line number="118" hits="3" branch="False" />
            <line number="119" hits="3" branch="False" />
            <line number="121" hits="2" branch="True" condition-coverage="50% (1/2)">
              <conditions>
                <condition number="335" type="jump" coverage="50%" />
              </conditions>
            </line>
            <line number="122" hits="2" branch="False" />
          </lines>
        </class>
        <class name="JavaHateBE.Service.QuestionService/&lt;GetAllQuestions&gt;d__7" filename="Desktop/vu/Math-Master-backend/JavaHateBE/service/QuestionService.cs" line-rate="1" branch-rate="1" complexity="2">
          <methods>
            <method name="MoveNext" signature="()" line-rate="1" branch-rate="1" complexity="2">
              <lines>
                <line number="130" hits="7" branch="False" />
                <line number="131" hits="7" branch="False" />
                <line number="132" hits="7" branch="True" condition-coverage="100% (2/2)">
                  <conditions>
                    <condition number="176" type="jump" coverage="100%" />
                  </conditions>
                </line>
                <line number="133" hits="1" branch="False" />
                <line number="134" hits="1" branch="False" />
                <line number="136" hits="6" branch="False" />
                <line number="137" hits="6" branch="False" />
              </lines>
            </method>
          </methods>
          <lines>
            <line number="130" hits="7" branch="False" />
            <line number="131" hits="7" branch="False" />
            <line number="132" hits="7" branch="True" condition-coverage="100% (2/2)">
              <conditions>
                <condition number="176" type="jump" coverage="100%" />
              </conditions>
            </line>
            <line number="133" hits="1" branch="False" />
            <line number="134" hits="1" branch="False" />
            <line number="136" hits="6" branch="False" />
            <line number="137" hits="6" branch="False" />
          </lines>
        </class>
        <class name="JavaHateBE.Service.QuestionService/&lt;GetQuestion&gt;d__3" filename="Desktop/vu/Math-Master-backend/JavaHateBE/service/QuestionService.cs" line-rate="1" branch-rate="0.875" complexity="8">
          <methods>
            <method name="MoveNext" signature="()" line-rate="1" branch-rate="0.875" complexity="8">
              <lines>
                <line number="47" hits="15" branch="False" />
                <line number="48" hits="15" branch="False" />
                <line number="49" hits="15" branch="True" condition-coverage="100% (2/2)">
                  <conditions>
                    <condition number="176" type="jump" coverage="100%" />
                  </conditions>
                </line>
                <line number="50" hits="3" branch="False" />
                <line number="51" hits="3" branch="False" />
                <line number="53" hits="12" branch="True" condition-coverage="75% (3/4)">
                  <conditions>
                    <condition number="206" type="jump" coverage="50%" />
                    <condition number="245" type="jump" coverage="100%" />
                  </conditions>
                </line>
                <line number="54" hits="3" branch="False" />
                <line number="55" hits="3" branch="False" />
                <line number="57" hits="9" branch="False" />
                <line number="58" hits="9" branch="False" />
                <line number="59" hits="9" branch="False" />
                <line number="60" hits="9" branch="False" />
                <line number="61" hits="1110" branch="True" condition-coverage="100% (2/2)">
                  <conditions>
                    <condition number="424" type="jump" coverage="100%" />
                  </conditions>
                </line>
                <line number="62" hits="546" branch="False" />
                <line number="63" hits="546" branch="False" />
                <line number="64" hits="546" branch="False" />
                <line number="65" hits="9" branch="False" />
                <line number="66" hits="9" branch="False" />
              </lines>
            </method>
          </methods>
          <lines>
            <line number="47" hits="15" branch="False" />
            <line number="48" hits="15" branch="False" />
            <line number="49" hits="15" branch="True" condition-coverage="100% (2/2)">
              <conditions>
                <condition number="176" type="jump" coverage="100%" />
              </conditions>
            </line>
            <line number="50" hits="3" branch="False" />
            <line number="51" hits="3" branch="False" />
            <line number="53" hits="12" branch="True" condition-coverage="75% (3/4)">
              <conditions>
                <condition number="206" type="jump" coverage="50%" />
                <condition number="245" type="jump" coverage="100%" />
              </conditions>
            </line>
            <line number="54" hits="3" branch="False" />
            <line number="55" hits="3" branch="False" />
            <line number="57" hits="9" branch="False" />
            <line number="58" hits="9" branch="False" />
            <line number="59" hits="9" branch="False" />
            <line number="60" hits="9" branch="False" />
            <line number="61" hits="1110" branch="True" condition-coverage="100% (2/2)">
              <conditions>
                <condition number="424" type="jump" coverage="100%" />
              </conditions>
            </line>
            <line number="62" hits="546" branch="False" />
            <line number="63" hits="546" branch="False" />
            <line number="64" hits="546" branch="False" />
            <line number="65" hits="9" branch="False" />
            <line number="66" hits="9" branch="False" />
          </lines>
        </class>
        <class name="JavaHateBE.Service.QuestionService/&lt;GetQuestionById&gt;d__2" filename="Desktop/vu/Math-Master-backend/JavaHateBE/service/QuestionService.cs" line-rate="1" branch-rate="1" complexity="2">
          <methods>
            <method name="MoveNext" signature="()" line-rate="1" branch-rate="1" complexity="2">
              <lines>
                <line number="34" hits="5" branch="False" />
                <line number="35" hits="5" branch="True" condition-coverage="100% (2/2)">
                  <conditions>
                    <condition number="151" type="jump" coverage="100%" />
                  </conditions>
                </line>
                <line number="36" hits="3" branch="False" />
                <line number="37" hits="3" branch="False" />
              </lines>
            </method>
          </methods>
          <lines>
            <line number="34" hits="5" branch="False" />
            <line number="35" hits="5" branch="True" condition-coverage="100% (2/2)">
              <conditions>
                <condition number="151" type="jump" coverage="100%" />
              </conditions>
            </line>
            <line number="36" hits="3" branch="False" />
            <line number="37" hits="3" branch="False" />
          </lines>
        </class>
        <class name="JavaHateBE.Service.QuestionService/&lt;UpdateQuestion&gt;d__5" filename="Desktop/vu/Math-Master-backend/JavaHateBE/service/QuestionService.cs" line-rate="1" branch-rate="0.75" complexity="12">
          <methods>
            <method name="MoveNext" signature="()" line-rate="1" branch-rate="0.75" complexity="12">
              <lines>
                <line number="91" hits="5" branch="False" />
                <line number="92" hits="5" branch="False" />
                <line number="93" hits="5" branch="True" condition-coverage="75% (6/8)">
                  <conditions>
                    <condition number="196" type="jump" coverage="100%" />
                    <condition number="205" type="jump" coverage="50%" />
                    <condition number="252" type="jump" coverage="50%" />
                    <condition number="278" type="jump" coverage="100%" />
                  </conditions>
                </line>
                <line number="94" hits="1" branch="False" />
                <line number="95" hits="1" branch="False" />
                <line number="97" hits="4" branch="False" />
                <line number="98" hits="4" branch="True" condition-coverage="100% (2/2)">
                  <conditions>
                    <condition number="454" type="jump" coverage="100%" />
                  </conditions>
                </line>
                <line number="99" hits="2" branch="False" />
                <line number="100" hits="2" branch="False" />
                <line number="102" hits="2" branch="False" />
                <line number="103" hits="2" branch="False" />
                <line number="104" hits="2" branch="False" />
                <line number="105" hits="2" branch="True" condition-coverage="50% (1/2)">
                  <conditions>
                    <condition number="669" type="jump" coverage="50%" />
                  </conditions>
                </line>
                <line number="106" hits="2" branch="False" />
              </lines>
            </method>
          </methods>
          <lines>
            <line number="91" hits="5" branch="False" />
            <line number="92" hits="5" branch="False" />
            <line number="93" hits="5" branch="True" condition-coverage="75% (6/8)">
              <conditions>
                <condition number="196" type="jump" coverage="100%" />
                <condition number="205" type="jump" coverage="50%" />
                <condition number="252" type="jump" coverage="50%" />
                <condition number="278" type="jump" coverage="100%" />
              </conditions>
            </line>
            <line number="94" hits="1" branch="False" />
            <line number="95" hits="1" branch="False" />
            <line number="97" hits="4" branch="False" />
            <line number="98" hits="4" branch="True" condition-coverage="100% (2/2)">
              <conditions>
                <condition number="454" type="jump" coverage="100%" />
              </conditions>
            </line>
            <line number="99" hits="2" branch="False" />
            <line number="100" hits="2" branch="False" />
            <line number="102" hits="2" branch="False" />
            <line number="103" hits="2" branch="False" />
            <line number="104" hits="2" branch="False" />
            <line number="105" hits="2" branch="True" condition-coverage="50% (1/2)">
              <conditions>
                <condition number="669" type="jump" coverage="50%" />
              </conditions>
            </line>
            <line number="106" hits="2" branch="False" />
          </lines>
        </class>
        <class name="JavaHateBE.Service.UserService" filename="Desktop/vu/Math-Master-backend/JavaHateBE/service/UserService.cs" line-rate="1" branch-rate="1" complexity="1">
          <methods>
            <method name=".ctor" signature="(JavaHateBE.Repository.UserRepository)" line-rate="1" branch-rate="1" complexity="1">
              <lines>
                <line number="20" hits="60" branch="False" />
                <line number="21" hits="60" branch="False" />
                <line number="22" hits="60" branch="False" />
                <line number="23" hits="60" branch="False" />
              </lines>
            </method>
          </methods>
          <lines>
            <line number="20" hits="60" branch="False" />
            <line number="21" hits="60" branch="False" />
            <line number="22" hits="60" branch="False" />
            <line number="23" hits="60" branch="False" />
          </lines>
        </class>
        <class name="JavaHateBE.Service.UserService/&lt;CreateUser&gt;d__5" filename="Desktop/vu/Math-Master-backend/JavaHateBE/service/UserService.cs" line-rate="1" branch-rate="1" complexity="4">
          <methods>
            <method name="MoveNext" signature="()" line-rate="1" branch-rate="1" complexity="4">
              <lines>
                <line number="68" hits="42" branch="False" />
                <line number="69" hits="42" branch="True" condition-coverage="100% (2/2)">
                  <conditions>
                    <condition number="183" type="jump" coverage="100%" />
                  </conditions>
                </line>
                <line number="70" hits="2" branch="False" />
                <line number="71" hits="2" branch="False" />
                <line number="73" hits="40" branch="True" condition-coverage="100% (2/2)">
                  <conditions>
                    <condition number="348" type="jump" coverage="100%" />
                  </conditions>
                </line>
                <line number="74" hits="2" branch="False" />
                <line number="75" hits="2" branch="False" />
                <line number="77" hits="38" branch="False" />
                <line number="78" hits="38" branch="False" />
                <line number="79" hits="38" branch="False" />
              </lines>
            </method>
          </methods>
          <lines>
            <line number="68" hits="42" branch="False" />
            <line number="69" hits="42" branch="True" condition-coverage="100% (2/2)">
              <conditions>
                <condition number="183" type="jump" coverage="100%" />
              </conditions>
            </line>
            <line number="70" hits="2" branch="False" />
            <line number="71" hits="2" branch="False" />
            <line number="73" hits="40" branch="True" condition-coverage="100% (2/2)">
              <conditions>
                <condition number="348" type="jump" coverage="100%" />
              </conditions>
            </line>
            <line number="74" hits="2" branch="False" />
            <line number="75" hits="2" branch="False" />
            <line number="77" hits="38" branch="False" />
            <line number="78" hits="38" branch="False" />
            <line number="79" hits="38" branch="False" />
          </lines>
        </class>
        <class name="JavaHateBE.Service.UserService/&lt;DeleteUser&gt;d__7" filename="Desktop/vu/Math-Master-backend/JavaHateBE/service/UserService.cs" line-rate="1" branch-rate="1" complexity="2">
          <methods>
            <method name="MoveNext" signature="()" line-rate="1" branch-rate="1" complexity="2">
              <lines>
                <line number="128" hits="4" branch="False" />
                <line number="129" hits="4" branch="True" condition-coverage="100% (2/2)">
                  <conditions>
                    <condition number="151" type="jump" coverage="100%" />
                  </conditions>
                </line>
                <line number="130" hits="2" branch="False" />
                <line number="131" hits="2" branch="False" />
              </lines>
            </method>
          </methods>
          <lines>
            <line number="128" hits="4" branch="False" />
            <line number="129" hits="4" branch="True" condition-coverage="100% (2/2)">
              <conditions>
                <condition number="151" type="jump" coverage="100%" />
              </conditions>
            </line>
            <line number="130" hits="2" branch="False" />
            <line number="131" hits="2" branch="False" />
          </lines>
        </class>
        <class name="JavaHateBE.Service.UserService/&lt;GetUserByEmail&gt;d__4" filename="Desktop/vu/Math-Master-backend/JavaHateBE/service/UserService.cs" line-rate="1" branch-rate="1" complexity="2">
          <methods>
            <method name="MoveNext" signature="()" line-rate="1" branch-rate="1" complexity="2">
              <lines>
                <line number="56" hits="4" branch="False" />
                <line number="57" hits="4" branch="True" condition-coverage="100% (2/2)">
                  <conditions>
                    <condition number="151" type="jump" coverage="100%" />
                  </conditions>
                </line>
                <line number="58" hits="2" branch="False" />
                <line number="59" hits="2" branch="False" />
              </lines>
            </method>
          </methods>
          <lines>
            <line number="56" hits="4" branch="False" />
            <line number="57" hits="4" branch="True" condition-coverage="100% (2/2)">
              <conditions>
                <condition number="151" type="jump" coverage="100%" />
              </conditions>
            </line>
            <line number="58" hits="2" branch="False" />
            <line number="59" hits="2" branch="False" />
          </lines>
        </class>
        <class name="JavaHateBE.Service.UserService/&lt;GetUserById&gt;d__2" filename="Desktop/vu/Math-Master-backend/JavaHateBE/service/UserService.cs" line-rate="1" branch-rate="1" complexity="2">
          <methods>
            <method name="MoveNext" signature="()" line-rate="1" branch-rate="1" complexity="2">
              <lines>
                <line number="32" hits="6" branch="False" />
                <line number="33" hits="6" branch="True" condition-coverage="100% (2/2)">
                  <conditions>
                    <condition number="151" type="jump" coverage="100%" />
                  </conditions>
                </line>
                <line number="34" hits="3" branch="False" />
                <line number="35" hits="3" branch="False" />
              </lines>
            </method>
          </methods>
          <lines>
            <line number="32" hits="6" branch="False" />
            <line number="33" hits="6" branch="True" condition-coverage="100% (2/2)">
              <conditions>
                <condition number="151" type="jump" coverage="100%" />
              </conditions>
            </line>
            <line number="34" hits="3" branch="False" />
            <line number="35" hits="3" branch="False" />
          </lines>
        </class>
        <class name="JavaHateBE.Service.UserService/&lt;GetUserByUsername&gt;d__3" filename="Desktop/vu/Math-Master-backend/JavaHateBE/service/UserService.cs" line-rate="1" branch-rate="1" complexity="2">
          <methods>
            <method name="MoveNext" signature="()" line-rate="1" branch-rate="1" complexity="2">
              <lines>
                <line number="44" hits="4" branch="False" />
                <line number="45" hits="4" branch="True" condition-coverage="100% (2/2)">
                  <conditions>
                    <condition number="151" type="jump" coverage="100%" />
                  </conditions>
                </line>
                <line number="46" hits="2" branch="False" />
                <line number="47" hits="2" branch="False" />
              </lines>
            </method>
          </methods>
          <lines>
            <line number="44" hits="4" branch="False" />
            <line number="45" hits="4" branch="True" condition-coverage="100% (2/2)">
              <conditions>
                <condition number="151" type="jump" coverage="100%" />
              </conditions>
            </line>
            <line number="46" hits="2" branch="False" />
            <line number="47" hits="2" branch="False" />
          </lines>
        </class>
        <class name="JavaHateBE.Service.UserService/&lt;Login&gt;d__8" filename="Desktop/vu/Math-Master-backend/JavaHateBE/service/UserService.cs" line-rate="1" branch-rate="1" complexity="6">
          <methods>
            <method name="MoveNext" signature="()" line-rate="1" branch-rate="1" complexity="6">
              <lines>
                <line number="141" hits="9" branch="False" />
                <line number="142" hits="9" branch="True" condition-coverage="100% (4/4)">
                  <conditions>
                    <condition number="184" type="jump" coverage="100%" />
                    <condition number="317" type="jump" coverage="100%" />
                  </conditions>
                </line>
                <line number="143" hits="9" branch="False" />
                <line number="144" hits="9" branch="False" />
                <line number="145" hits="6" branch="True" condition-coverage="100% (2/2)">
                  <conditions>
                    <condition number="403" type="jump" coverage="100%" />
                  </conditions>
                </line>
                <line number="146" hits="2" branch="False" />
                <line number="147" hits="2" branch="False" />
                <line number="149" hits="4" branch="False" />
                <line number="150" hits="4" branch="False" />
                <line number="151" hits="4" branch="False" />
                <line number="152" hits="4" branch="False" />
              </lines>
            </method>
          </methods>
          <lines>
            <line number="141" hits="9" branch="False" />
            <line number="142" hits="9" branch="True" condition-coverage="100% (4/4)">
              <conditions>
                <condition number="184" type="jump" coverage="100%" />
                <condition number="317" type="jump" coverage="100%" />
              </conditions>
            </line>
            <line number="143" hits="9" branch="False" />
            <line number="144" hits="9" branch="False" />
            <line number="145" hits="6" branch="True" condition-coverage="100% (2/2)">
              <conditions>
                <condition number="403" type="jump" coverage="100%" />
              </conditions>
            </line>
            <line number="146" hits="2" branch="False" />
            <line number="147" hits="2" branch="False" />
            <line number="149" hits="4" branch="False" />
            <line number="150" hits="4" branch="False" />
            <line number="151" hits="4" branch="False" />
            <line number="152" hits="4" branch="False" />
          </lines>
        </class>
        <class name="JavaHateBE.Service.UserService/&lt;UpdateUser&gt;d__6" filename="Desktop/vu/Math-Master-backend/JavaHateBE/service/UserService.cs" line-rate="1" branch-rate="0.8332999999999999" complexity="18">
          <methods>
            <method name="MoveNext" signature="()" line-rate="1" branch-rate="0.8332999999999999" complexity="18">
              <lines>
                <line number="89" hits="8" branch="False" />
                <line number="90" hits="8" branch="False" />
                <line number="91" hits="8" branch="True" condition-coverage="100% (2/2)">
                  <conditions>
                    <condition number="212" type="jump" coverage="100%" />
                  </conditions>
                </line>
                <line number="92" hits="2" branch="False" />
                <line number="93" hits="2" branch="False" />
                <line number="96" hits="6" branch="False" />
                <line number="97" hits="6" branch="True" condition-coverage="100% (4/4)">
                  <conditions>
                    <condition number="381" type="jump" coverage="100%" />
                    <condition number="417" type="jump" coverage="100%" />
                  </conditions>
                </line>
                <line number="98" hits="2" branch="False" />
                <line number="99" hits="2" branch="False" />
                <line number="102" hits="4" branch="False" />
                <line number="103" hits="4" branch="True" condition-coverage="100% (4/4)">
                  <conditions>
                    <condition number="586" type="jump" coverage="100%" />
                    <condition number="622" type="jump" coverage="100%" />
                  </conditions>
                </line>
                <line number="104" hits="2" branch="False" />
                <line number="105" hits="2" branch="False" />
                <line number="108" hits="2" branch="False" />
                <line number="109" hits="2" branch="False" />
                <line number="110" hits="2" branch="True" condition-coverage="66.66% (4/6)">
                  <conditions>
                    <condition number="698" type="jump" coverage="50%" />
                    <condition number="721" type="jump" coverage="50%" />
                    <condition number="757" type="jump" coverage="100%" />
                  </conditions>
                </line>
                <line number="111" hits="1" branch="False" />
                <line number="112" hits="1" branch="False" />
                <line number="113" hits="1" branch="False" />
                <line number="115" hits="2" branch="True" condition-coverage="50% (1/2)">
                  <conditions>
                    <condition number="912" type="jump" coverage="50%" />
                  </conditions>
                </line>
                <line number="116" hits="2" branch="False" />
                <line number="118" hits="2" branch="False" />
                <line number="119" hits="2" branch="False" />
              </lines>
            </method>
          </methods>
          <lines>
            <line number="89" hits="8" branch="False" />
            <line number="90" hits="8" branch="False" />
            <line number="91" hits="8" branch="True" condition-coverage="100% (2/2)">
              <conditions>
                <condition number="212" type="jump" coverage="100%" />
              </conditions>
            </line>
            <line number="92" hits="2" branch="False" />
            <line number="93" hits="2" branch="False" />
            <line number="96" hits="6" branch="False" />
            <line number="97" hits="6" branch="True" condition-coverage="100% (4/4)">
              <conditions>
                <condition number="381" type="jump" coverage="100%" />
                <condition number="417" type="jump" coverage="100%" />
              </conditions>
            </line>
            <line number="98" hits="2" branch="False" />
            <line number="99" hits="2" branch="False" />
            <line number="102" hits="4" branch="False" />
            <line number="103" hits="4" branch="True" condition-coverage="100% (4/4)">
              <conditions>
                <condition number="586" type="jump" coverage="100%" />
                <condition number="622" type="jump" coverage="100%" />
              </conditions>
            </line>
            <line number="104" hits="2" branch="False" />
            <line number="105" hits="2" branch="False" />
            <line number="108" hits="2" branch="False" />
            <line number="109" hits="2" branch="False" />
            <line number="110" hits="2" branch="True" condition-coverage="66.66% (4/6)">
              <conditions>
                <condition number="698" type="jump" coverage="50%" />
                <condition number="721" type="jump" coverage="50%" />
                <condition number="757" type="jump" coverage="100%" />
              </conditions>
            </line>
            <line number="111" hits="1" branch="False" />
            <line number="112" hits="1" branch="False" />
            <line number="113" hits="1" branch="False" />
            <line number="115" hits="2" branch="True" condition-coverage="50% (1/2)">
              <conditions>
                <condition number="912" type="jump" coverage="50%" />
              </conditions>
            </line>
            <line number="116" hits="2" branch="False" />
            <line number="118" hits="2" branch="False" />
            <line number="119" hits="2" branch="False" />
          </lines>
        </class>
        <class name="JavaHateBE.Repository.GameRepository" filename="Desktop/vu/Math-Master-backend/JavaHateBE/repository/GameRepository.cs" line-rate="1" branch-rate="1" complexity="1">
          <methods>
            <method name=".ctor" signature="(JavaHateBE.Data.MathMasterDBContext)" line-rate="1" branch-rate="1" complexity="1">
              <lines>
                <line number="15" hits="67" branch="False" />
                <line number="16" hits="67" branch="False" />
                <line number="17" hits="67" branch="False" />
                <line number="18" hits="67" branch="False" />
              </lines>
            </method>
          </methods>
          <lines>
            <line number="15" hits="67" branch="False" />
            <line number="16" hits="67" branch="False" />
            <line number="17" hits="67" branch="False" />
            <line number="18" hits="67" branch="False" />
          </lines>
        </class>
        <class name="JavaHateBE.Repository.GameRepository/&lt;AddGame&gt;d__2" filename="Desktop/vu/Math-Master-backend/JavaHateBE/repository/GameRepository.cs" line-rate="1" branch-rate="1" complexity="1">
          <methods>
            <method name="MoveNext" signature="()" line-rate="1" branch-rate="1" complexity="1">
              <lines>
                <line number="20" hits="31" branch="False" />
                <line number="21" hits="31" branch="False" />
                <line number="22" hits="31" branch="False" />
                <line number="23" hits="31" branch="False" />
                <line number="24" hits="31" branch="False" />
              </lines>
            </method>
          </methods>
          <lines>
            <line number="20" hits="31" branch="False" />
            <line number="21" hits="31" branch="False" />
            <line number="22" hits="31" branch="False" />
            <line number="23" hits="31" branch="False" />
            <line number="24" hits="31" branch="False" />
          </lines>
        </class>
        <class name="JavaHateBE.Repository.GameRepository/&lt;GetAllGames&gt;d__5" filename="Desktop/vu/Math-Master-backend/JavaHateBE/repository/GameRepository.cs" line-rate="1" branch-rate="1" complexity="1">
          <methods>
            <method name="MoveNext" signature="()" line-rate="1" branch-rate="1" complexity="1">
              <lines>
                <line number="39" hits="6" branch="False" />
                <line number="40" hits="6" branch="False" />
                <line number="41" hits="6" branch="False" />
              </lines>
            </method>
          </methods>
          <lines>
            <line number="39" hits="6" branch="False" />
            <line number="40" hits="6" branch="False" />
            <line number="41" hits="6" branch="False" />
          </lines>
        </class>
        <class name="JavaHateBE.Repository.GameRepository/&lt;GetGameById&gt;d__4" filename="Desktop/vu/Math-Master-backend/JavaHateBE/repository/GameRepository.cs" line-rate="1" branch-rate="1" complexity="1">
          <methods>
            <method name="MoveNext" signature="()" line-rate="1" branch-rate="1" complexity="1">
              <lines>
                <line number="35" hits="22" branch="False" />
                <line number="36" hits="22" branch="False" />
                <line number="37" hits="22" branch="False" />
              </lines>
            </method>
          </methods>
          <lines>
            <line number="35" hits="22" branch="False" />
            <line number="36" hits="22" branch="False" />
            <line number="37" hits="22" branch="False" />
          </lines>
        </class>
        <class name="JavaHateBE.Repository.GameRepository/&lt;GetGamesByGameMode&gt;d__8" filename="Desktop/vu/Math-Master-backend/JavaHateBE/repository/GameRepository.cs" line-rate="1" branch-rate="1" complexity="1">
          <methods>
            <method name="MoveNext" signature="()" line-rate="1" branch-rate="1" complexity="1">
              <lines>
                <line number="51" hits="5" branch="False" />
                <line number="52" hits="5" branch="False" />
                <line number="53" hits="5" branch="False" />
              </lines>
            </method>
          </methods>
          <lines>
            <line number="51" hits="5" branch="False" />
            <line number="52" hits="5" branch="False" />
            <line number="53" hits="5" branch="False" />
          </lines>
        </class>
        <class name="JavaHateBE.Repository.GameRepository/&lt;GetGamesByUser&gt;d__6" filename="Desktop/vu/Math-Master-backend/JavaHateBE/repository/GameRepository.cs" line-rate="1" branch-rate="1" complexity="1">
          <methods>
            <method name="MoveNext" signature="()" line-rate="1" branch-rate="1" complexity="1">
              <lines>
                <line number="43" hits="4" branch="False" />
                <line number="44" hits="4" branch="False" />
                <line number="45" hits="4" branch="False" />
              </lines>
            </method>
          </methods>
          <lines>
            <line number="43" hits="4" branch="False" />
            <line number="44" hits="4" branch="False" />
            <line number="45" hits="4" branch="False" />
          </lines>
        </class>
        <class name="JavaHateBE.Repository.GameRepository/&lt;GetGamesByUserByGameMode&gt;d__7" filename="Desktop/vu/Math-Master-backend/JavaHateBE/repository/GameRepository.cs" line-rate="1" branch-rate="1" complexity="1">
          <methods>
            <method name="MoveNext" signature="()" line-rate="1" branch-rate="1" complexity="1">
              <lines>
                <line number="47" hits="5" branch="False" />
                <line number="48" hits="5" branch="False" />
                <line number="49" hits="5" branch="False" />
              </lines>
            </method>
          </methods>
          <lines>
            <line number="47" hits="5" branch="False" />
            <line number="48" hits="5" branch="False" />
            <line number="49" hits="5" branch="False" />
          </lines>
        </class>
        <class name="JavaHateBE.Repository.GameRepository/&lt;RemoveGame&gt;d__3" filename="Desktop/vu/Math-Master-backend/JavaHateBE/repository/GameRepository.cs" line-rate="1" branch-rate="1" complexity="2">
          <methods>
            <method name="MoveNext" signature="()" line-rate="1" branch-rate="1" complexity="2">
              <lines>
                <line number="26" hits="4" branch="False" />
                <line number="27" hits="4" branch="False" />
                <line number="28" hits="7" branch="True" condition-coverage="100% (2/2)">
                  <conditions>
                    <condition number="170" type="jump" coverage="100%" />
                  </conditions>
                </line>
                <line number="29" hits="3" branch="False" />
                <line number="30" hits="3" branch="False" />
                <line number="31" hits="3" branch="False" />
                <line number="32" hits="4" branch="False" />
                <line number="33" hits="4" branch="False" />
              </lines>
            </method>
          </methods>
          <lines>
            <line number="26" hits="4" branch="False" />
            <line number="27" hits="4" branch="False" />
            <line number="28" hits="7" branch="True" condition-coverage="100% (2/2)">
              <conditions>
                <condition number="170" type="jump" coverage="100%" />
              </conditions>
            </line>
            <line number="29" hits="3" branch="False" />
            <line number="30" hits="3" branch="False" />
            <line number="31" hits="3" branch="False" />
            <line number="32" hits="4" branch="False" />
            <line number="33" hits="4" branch="False" />
          </lines>
        </class>
        <class name="JavaHateBE.Repository.GameRepository/&lt;UpdateGame&gt;d__9" filename="Desktop/vu/Math-Master-backend/JavaHateBE/repository/GameRepository.cs" line-rate="1" branch-rate="1" complexity="2">
          <methods>
            <method name="MoveNext" signature="()" line-rate="1" branch-rate="1" complexity="2">
              <lines>
                <line number="55" hits="5" branch="False" />
                <line number="56" hits="5" branch="False" />
                <line number="57" hits="5" branch="True" condition-coverage="100% (2/2)">
                  <conditions>
                    <condition number="175" type="jump" coverage="100%" />
                  </conditions>
                </line>
                <line number="58" hits="2" branch="False" />
                <line number="59" hits="2" branch="False" />
                <line number="62" hits="3" branch="False" />
[...]
              </lines>
            </method>
          </methods>
          <lines>
            <line number="65" hits="7" branch="False" />
            <line number="67" hits="7" branch="False" />
            <line number="68" hits="7" branch="True" condition-coverage="100% (2/2)">
              <conditions>
                <condition number="52" type="jump" coverage="100%" />
              </conditions>
            </line>
            <line number="69" hits="1" branch="False" />
            <line number="70" hits="1" branch="False" />
            <line number="71" hits="1" branch="False" />
            <line number="74" hits="6" branch="False" />
            <line number="75" hits="6" branch="False" />
            <line number="76" hits="4" branch="False" />
            <line number="79" hits="0" branch="False" />
            <line number="80" hits="0" branch="False" />
            <line number="81" hits="0" branch="False" />
            <line number="82" hits="0" branch="False" />
            <line number="84" hits="2" branch="False" />
            <line number="85" hits="2" branch="False" />
            <line number="86" hits="2" branch="False" />
            <line number="87" hits="2" branch="False" />
            <line number="89" hits="0" branch="False" />
            <line number="90" hits="0" branch="False" />
            <line number="91" hits="0" branch="False" />
            <line number="92" hits="0" branch="False" />
            <line number="94" hits="7" branch="False" />
          </lines>
        </class>
        <class name="JavaHateBE.Controller.QuestionController/&lt;UpdateQuestion&gt;d__7" filename="Desktop/vu/Math-Master-backend/JavaHateBE/controller/QuestionController.cs" line-rate="0.7646999999999999" branch-rate="1" complexity="1">
          <methods>
            <method name="MoveNext" signature="()" line-rate="0.7646999999999999" branch-rate="1" complexity="1">
              <lines>
                <line number="118" hits="3" branch="False" />
                <line number="120" hits="3" branch="False" />
                <line number="121" hits="3" branch="False" />
                <line number="122" hits="1" branch="False" />
                <line number="124" hits="1" branch="False" />
                <line number="125" hits="1" branch="False" />
                <line number="126" hits="1" branch="False" />
                <line number="127" hits="1" branch="False" />
                <line number="129" hits="1" branch="False" />
                <line number="130" hits="1" branch="False" />
                <line number="131" hits="1" branch="False" />
                <line number="132" hits="1" branch="False" />
                <line number="134" hits="0" branch="False" />
                <line number="135" hits="0" branch="False" />
                <line number="136" hits="0" branch="False" />
                <line number="137" hits="0" branch="False" />
                <line number="139" hits="3" branch="False" />
              </lines>
            </method>
          </methods>
          <lines>
            <line number="118" hits="3" branch="False" />
            <line number="120" hits="3" branch="False" />
            <line number="121" hits="3" branch="False" />
            <line number="122" hits="1" branch="False" />
            <line number="124" hits="1" branch="False" />
            <line number="125" hits="1" branch="False" />
            <line number="126" hits="1" branch="False" />
            <line number="127" hits="1" branch="False" />
            <line number="129" hits="1" branch="False" />
            <line number="130" hits="1" branch="False" />
            <line number="131" hits="1" branch="False" />
            <line number="132" hits="1" branch="False" />
            <line number="134" hits="0" branch="False" />
            <line number="135" hits="0" branch="False" />
            <line number="136" hits="0" branch="False" />
            <line number="137" hits="0" branch="False" />
            <line number="139" hits="3" branch="False" />
          </lines>
        </class>
        <class name="JavaHateBE.Controller.UserController" filename="Desktop/vu/Math-Master-backend/JavaHateBE/controller/UserController.cs" line-rate="1" branch-rate="1" complexity="1">
          <methods>
            <method name=".ctor" signature="(Microsoft.Extensions.Logging.ILogger`1&lt;JavaHateBE.Controller.UserController&gt;,JavaHateBE.Service.UserService)" line-rate="1" branch-rate="1" complexity="1">
              <lines>
                <line number="17" hits="41" branch="False" />
                <line number="18" hits="41" branch="False" />
                <line number="19" hits="41" branch="False" />
                <line number="20" hits="41" branch="False" />
                <line number="21" hits="41" branch="False" />
              </lines>
            </method>
          </methods>
          <lines>
            <line number="17" hits="41" branch="False" />
            <line number="18" hits="41" branch="False" />
            <line number="19" hits="41" branch="False" />
            <line number="20" hits="41" branch="False" />
            <line number="21" hits="41" branch="False" />
          </lines>
        </class>
        <class name="JavaHateBE.Controller.UserController/&lt;CreateUser&gt;d__6" filename="Desktop/vu/Math-Master-backend/JavaHateBE/controller/UserController.cs" line-rate="0.6923" branch-rate="1" complexity="1">
          <methods>
            <method name="MoveNext" signature="()" line-rate="0.6923" branch-rate="1" complexity="1">
              <lines>
                <line number="85" hits="24" branch="False" />
                <line number="87" hits="24" branch="False" />
                <line number="88" hits="24" branch="False" />
                <line number="89" hits="22" branch="False" />
                <line number="91" hits="2" branch="False" />
                <line number="92" hits="2" branch="False" />
                <line number="93" hits="2" branch="False" />
                <line number="94" hits="2" branch="False" />
                <line number="96" hits="0" branch="False" />
                <line number="97" hits="0" branch="False" />
                <line number="98" hits="0" branch="False" />
                <line number="99" hits="0" branch="False" />
                <line number="101" hits="24" branch="False" />
              </lines>
            </method>
          </methods>
          <lines>
            <line number="85" hits="24" branch="False" />
            <line number="87" hits="24" branch="False" />
            <line number="88" hits="24" branch="False" />
            <line number="89" hits="22" branch="False" />
            <line number="91" hits="2" branch="False" />
            <line number="92" hits="2" branch="False" />
            <line number="93" hits="2" branch="False" />
            <line number="94" hits="2" branch="False" />
            <line number="96" hits="0" branch="False" />
            <line number="97" hits="0" branch="False" />
            <line number="98" hits="0" branch="False" />
            <line number="99" hits="0" branch="False" />
            <line number="101" hits="24" branch="False" />
          </lines>
        </class>
        <class name="JavaHateBE.Controller.UserController/&lt;DeleteUser&gt;d__8" filename="Desktop/vu/Math-Master-backend/JavaHateBE/controller/UserController.cs" line-rate="0.6923" branch-rate="1" complexity="1">
          <methods>
            <method name="MoveNext" signature="()" line-rate="0.6923" branch-rate="1" complexity="1">
              <lines>
                <line number="130" hits="2" branch="False" />
                <line number="132" hits="2" branch="False" />
                <line number="133" hits="2" branch="False" />
                <line number="134" hits="1" branch="False" />
                <line number="136" hits="1" branch="False" />
                <line number="137" hits="1" branch="False" />
                <line number="138" hits="1" branch="False" />
                <line number="139" hits="1" branch="False" />
                <line number="141" hits="0" branch="False" />
                <line number="142" hits="0" branch="False" />
                <line number="143" hits="0" branch="False" />
                <line number="144" hits="0" branch="False" />
                <line number="146" hits="2" branch="False" />
              </lines>
            </method>
          </methods>
          <lines>
            <line number="130" hits="2" branch="False" />
            <line number="132" hits="2" branch="False" />
            <line number="133" hits="2" branch="False" />
            <line number="134" hits="1" branch="False" />
            <line number="136" hits="1" branch="False" />
            <line number="137" hits="1" branch="False" />
            <line number="138" hits="1" branch="False" />
            <line number="139" hits="1" branch="False" />
            <line number="141" hits="0" branch="False" />
            <line number="142" hits="0" branch="False" />
            <line number="143" hits="0" branch="False" />
            <line number="144" hits="0" branch="False" />
            <line number="146" hits="2" branch="False" />
          </lines>
        </class>
        <class name="JavaHateBE.Controller.UserController/&lt;GetUserByEmail&gt;d__5" filename="Desktop/vu/Math-Master-backend/JavaHateBE/controller/UserController.cs" line-rate="0.6923" branch-rate="1" complexity="1">
          <methods>
            <method name="MoveNext" signature="()" line-rate="0.6923" branch-rate="1" complexity="1">
              <lines>
                <line number="65" hits="2" branch="False" />
                <line number="67" hits="2" branch="False" />
                <line number="68" hits="2" branch="False" />
                <line number="69" hits="1" branch="False" />
                <line number="71" hits="1" branch="False" />
                <line number="72" hits="1" branch="False" />
                <line number="73" hits="1" branch="False" />
                <line number="74" hits="1" branch="False" />
                <line number="76" hits="0" branch="False" />
                <line number="77" hits="0" branch="False" />
                <line number="78" hits="0" branch="False" />
                <line number="79" hits="0" branch="False" />
                <line number="81" hits="2" branch="False" />
              </lines>
            </method>
          </methods>
          <lines>
            <line number="65" hits="2" branch="False" />
            <line number="67" hits="2" branch="False" />
            <line number="68" hits="2" branch="False" />
            <line number="69" hits="1" branch="False" />
            <line number="71" hits="1" branch="False" />
            <line number="72" hits="1" branch="False" />
            <line number="73" hits="1" branch="False" />
            <line number="74" hits="1" branch="False" />
            <line number="76" hits="0" branch="False" />
            <line number="77" hits="0" branch="False" />
            <line number="78" hits="0" branch="False" />
            <line number="79" hits="0" branch="False" />
            <line number="81" hits="2" branch="False" />
          </lines>
        </class>
        <class name="JavaHateBE.Controller.UserController/&lt;GetUserById&gt;d__3" filename="Desktop/vu/Math-Master-backend/JavaHateBE/controller/UserController.cs" line-rate="0.6923" branch-rate="1" complexity="1">
          <methods>
            <method name="MoveNext" signature="()" line-rate="0.6923" branch-rate="1" complexity="1">
              <lines>
                <line number="25" hits="2" branch="False" />
                <line number="27" hits="2" branch="False" />
                <line number="28" hits="2" branch="False" />
                <line number="29" hits="1" branch="False" />
                <line number="31" hits="1" branch="False" />
                <line number="32" hits="1" branch="False" />
                <line number="33" hits="1" branch="False" />
                <line number="34" hits="1" branch="False" />
                <line number="36" hits="0" branch="False" />
                <line number="37" hits="0" branch="False" />
                <line number="38" hits="0" branch="False" />
                <line number="39" hits="0" branch="False" />
                <line number="41" hits="2" branch="False" />
              </lines>
            </method>
          </methods>
          <lines>
            <line number="25" hits="2" branch="False" />
            <line number="27" hits="2" branch="False" />
            <line number="28" hits="2" branch="False" />
            <line number="29" hits="1" branch="False" />
            <line number="31" hits="1" branch="False" />
            <line number="32" hits="1" branch="False" />
            <line number="33" hits="1" branch="False" />
            <line number="34" hits="1" branch="False" />
            <line number="36" hits="0" branch="False" />
            <line number="37" hits="0" branch="False" />
            <line number="38" hits="0" branch="False" />
            <line number="39" hits="0" branch="False" />
            <line number="41" hits="2" branch="False" />
          </lines>
        </class>
        <class name="JavaHateBE.Controller.UserController/&lt;GetUserByUsername&gt;d__4" filename="Desktop/vu/Math-Master-backend/JavaHateBE/controller/UserController.cs" line-rate="0.6923" branch-rate="1" complexity="1">
          <methods>
            <method name="MoveNext" signature="()" line-rate="0.6923" branch-rate="1" complexity="1">
              <lines>
                <line number="45" hits="2" branch="False" />
                <line number="47" hits="2" branch="False" />
                <line number="48" hits="2" branch="False" />
                <line number="49" hits="1" branch="False" />
                <line number="51" hits="1" branch="False" />
                <line number="52" hits="1" branch="False" />
                <line number="53" hits="1" branch="False" />
                <line number="54" hits="1" branch="False" />
                <line number="56" hits="0" branch="False" />
                <line number="57" hits="0" branch="False" />
                <line number="58" hits="0" branch="False" />
                <line number="59" hits="0" branch="False" />
                <line number="61" hits="2" branch="False" />
              </lines>
            </method>
          </methods>
          <lines>
            <line number="45" hits="2" branch="False" />
            <line number="47" hits="2" branch="False" />
            <line number="48" hits="2" branch="False" />
            <line number="49" hits="1" branch="False" />
            <line number="51" hits="1" branch="False" />
            <line number="52" hits="1" branch="False" />
            <line number="53" hits="1" branch="False" />
            <line number="54" hits="1" branch="False" />
            <line number="56" hits="0" branch="False" />
            <line number="57" hits="0" branch="False" />
            <line number="58" hits="0" branch="False" />
            <line number="59" hits="0" branch="False" />
            <line number="61" hits="2" branch="False" />
          </lines>
        </class>
        <class name="JavaHateBE.Controller.UserController/&lt;Login&gt;d__9" filename="Desktop/vu/Math-Master-backend/JavaHateBE/controller/UserController.cs" line-rate="1" branch-rate="1" complexity="1">
          <methods>
            <method name="MoveNext" signature="()" line-rate="1" branch-rate="1" complexity="1">
              <lines>
                <line number="150" hits="5" branch="False" />
                <line number="152" hits="5" branch="False" />
                <line number="153" hits="5" branch="False" />
                <line number="154" hits="2" branch="False" />
                <line number="156" hits="2" branch="False" />
                <line number="157" hits="2" branch="False" />
                <line number="158" hits="2" branch="False" />
                <line number="159" hits="2" branch="False" />
                <line number="161" hits="1" branch="False" />
                <line number="162" hits="1" branch="False" />
                <line number="163" hits="1" branch="False" />
                <line number="164" hits="1" branch="False" />
                <line number="166" hits="5" branch="False" />
              </lines>
            </method>
          </methods>
          <lines>
            <line number="150" hits="5" branch="False" />
            <line number="152" hits="5" branch="False" />
            <line number="153" hits="5" branch="False" />
            <line number="154" hits="2" branch="False" />
            <line number="156" hits="2" branch="False" />
            <line number="157" hits="2" branch="False" />
            <line number="158" hits="2" branch="False" />
            <line number="159" hits="2" branch="False" />
            <line number="161" hits="1" branch="False" />
            <line number="162" hits="1" branch="False" />
            <line number="163" hits="1" branch="False" />
            <line number="164" hits="1" branch="False" />
            <line number="166" hits="5" branch="False" />
          </lines>
        </class>
        <class name="JavaHateBE.Controller.UserController/&lt;UpdateUser&gt;d__7" filename="Desktop/vu/Math-Master-backend/JavaHateBE/controller/UserController.cs" line-rate="0.7646999999999999" branch-rate="1" complexity="1">
          <methods>
            <method name="MoveNext" signature="()" line-rate="0.7646999999999999" branch-rate="1" complexity="1">
              <lines>
                <line number="105" hits="4" branch="False" />
                <line number="107" hits="4" branch="False" />
                <line number="108" hits="4" branch="False" />
                <line number="109" hits="1" branch="False" />
                <line number="111" hits="1" branch="False" />
                <line number="112" hits="1" branch="False" />
                <line number="113" hits="1" branch="False" />
                <line number="114" hits="1" branch="False" />
                <line number="116" hits="2" branch="False" />
                <line number="117" hits="2" branch="False" />
                <line number="118" hits="2" branch="False" />
                <line number="119" hits="2" branch="False" />
                <line number="121" hits="0" branch="False" />
                <line number="122" hits="0" branch="False" />
                <line number="123" hits="0" branch="False" />
                <line number="124" hits="0" branch="False" />
                <line number="126" hits="4" branch="False" />
              </lines>
            </method>
          </methods>
          <lines>
            <line number="105" hits="4" branch="False" />
            <line number="107" hits="4" branch="False" />
            <line number="108" hits="4" branch="False" />
            <line number="109" hits="1" branch="False" />
            <line number="111" hits="1" branch="False" />
            <line number="112" hits="1" branch="False" />
            <line number="113" hits="1" branch="False" />
            <line number="114" hits="1" branch="False" />
            <line number="116" hits="2" branch="False" />
            <line number="117" hits="2" branch="False" />
            <line number="118" hits="2" branch="False" />
            <line number="119" hits="2" branch="False" />
            <line number="121" hits="0" branch="False" />
            <line number="122" hits="0" branch="False" />
            <line number="123" hits="0" branch="False" />
            <line number="124" hits="0" branch="False" />
            <line number="126" hits="4" branch="False" />
          </lines>
        </class>
      </classes>
    </package>
  </packages>
</coverage>